# JRE version: OpenJDK Runtime Environment (14.0.2+12) (build 14.0.2+12-46)
# Java VM: OpenJDK 64-Bit Server VM (14.0.2+12-46, mixed mode, tiered, compressed oops, g1 gc, windows-amd64)
Heap:
 garbage-first heap   total 512000K, used 306165K [0x00000004d6400000, 0x00000005d4c00000)
  region size 1024K, 2 young (2048K), 2 survivors (2048K)
 Metaspace       used 10921K, capacity 11044K, committed 11392K, reserved 1058816K
  class space    used 982K, capacity 1048K, committed 1152K, reserved 1048576K
GC Heap History (8 events):
Event: 5.194 GC heap before
{Heap before GC invocations=0 (full 0):
 garbage-first heap   total 262144K, used 13312K [0x00000004d6400000, 0x00000005d4c00000)
  region size 1024K, 13 young (13312K), 0 survivors (0K)
 Metaspace       used 10615K, capacity 10815K, committed 11008K, reserved 1058816K
  class space    used 958K, capacity 1012K, committed 1024K, reserved 1048576K
}
Event: 5.203 GC heap after
{Heap after GC invocations=1 (full 0):
 garbage-first heap   total 262144K, used 2715K [0x00000004d6400000, 0x00000005d4c00000)
  region size 1024K, 2 young (2048K), 2 survivors (2048K)
 Metaspace       used 10615K, capacity 10815K, committed 11008K, reserved 1058816K
  class space    used 958K, capacity 1012K, committed 1024K, reserved 1048576K
}
Event: 5.726 GC heap before
{Heap before GC invocations=1 (full 0):
 garbage-first heap   total 262144K, used 16027K [0x00000004d6400000, 0x00000005d4c00000)
  region size 1024K, 15 young (15360K), 2 survivors (2048K)
 Metaspace       used 10851K, capacity 11012K, committed 11264K, reserved 1058816K
  class space    used 978K, capacity 1016K, committed 1024K, reserved 1048576K
}
Event: 5.730 GC heap after
{Heap after GC invocations=2 (full 0):
 garbage-first heap   total 262144K, used 3378K [0x00000004d6400000, 0x00000005d4c00000)
  region size 1024K, 1 young (1024K), 1 survivors (1024K)
 Metaspace       used 10851K, capacity 11012K, committed 11264K, reserved 1058816K
  class space    used 978K, capacity 1016K, committed 1024K, reserved 1048576K
}
Event: 5.863 GC heap before
{Heap before GC invocations=2 (full 0):
 garbage-first heap   total 262144K, used 68914K [0x00000004d6400000, 0x00000005d4c00000)
  region size 1024K, 7 young (7168K), 1 survivors (1024K)
 Metaspace       used 10916K, capacity 11044K, committed 11392K, reserved 1058816K
  class space    used 982K, capacity 1048K, committed 1152K, reserved 1048576K
}
Event: 5.866 GC heap after
{Heap after GC invocations=3 (full 0):
 garbage-first heap   total 262144K, used 64554K [0x00000004d6400000, 0x00000005d4c00000)
  region size 1024K, 2 young (2048K), 2 survivors (2048K)
 Metaspace       used 10916K, capacity 11044K, committed 11392K, reserved 1058816K
  class space    used 982K, capacity 1048K, committed 1152K, reserved 1048576K
}
Event: 6.039 GC heap before
{Heap before GC invocations=4 (full 0):
 garbage-first heap   total 262144K, used 246826K [0x00000004d6400000, 0x00000005d4c00000)
  region size 1024K, 4 young (4096K), 2 survivors (2048K)
 Metaspace       used 10921K, capacity 11044K, committed 11392K, reserved 1058816K
  class space    used 982K, capacity 1048K, committed 1152K, reserved 1048576K
}
Event: 6.042 GC heap after
{Heap after GC invocations=5 (full 0):
 garbage-first heap   total 262144K, used 245749K [0x00000004d6400000, 0x00000005d4c00000)
  region size 1024K, 2 young (2048K), 2 survivors (2048K)
 Metaspace       used 10921K, capacity 11044K, committed 11392K, reserved 1058816K
  class space    used 982K, capacity 1048K, committed 1152K, reserved 1048576K
}

