# JRE version: OpenJDK Runtime Environment (14.0.2+12) (build 14.0.2+12-46)
# Java VM: OpenJDK 64-Bit Server VM (14.0.2+12-46, mixed mode, tiered, compressed oops, g1 gc, windows-amd64)
Heap:
 garbage-first heap   total 377856K, used 224277K [0x0000000701800000, 0x0000000800000000)
  region size 1024K, 2 young (2048K), 1 survivors (1024K)
 Metaspace       used 10898K, capacity 11048K, committed 11392K, reserved 1058816K
  class space    used 981K, capacity 1048K, committed 1152K, reserved 1048576K
GC Heap History (8 events):
Event: 3.874 GC heap before
{Heap before GC invocations=0 (full 0):
 garbage-first heap   total 262144K, used 13312K [0x0000000701800000, 0x0000000800000000)
  region size 1024K, 13 young (13312K), 0 survivors (0K)
 Metaspace       used 10606K, capacity 10819K, committed 11008K, reserved 1058816K
  class space    used 958K, capacity 1012K, committed 1024K, reserved 1048576K
}
Event: 3.880 GC heap after
{Heap after GC invocations=1 (full 0):
 garbage-first heap   total 262144K, used 2716K [0x0000000701800000, 0x0000000800000000)
  region size 1024K, 2 young (2048K), 2 survivors (2048K)
 Metaspace       used 10606K, capacity 10819K, committed 11008K, reserved 1058816K
  class space    used 958K, capacity 1012K, committed 1024K, reserved 1048576K
}
Event: 4.335 GC heap before
{Heap before GC invocations=1 (full 0):
 garbage-first heap   total 262144K, used 103068K [0x0000000701800000, 0x0000000800000000)
  region size 1024K, 9 young (9216K), 2 survivors (2048K)
 Metaspace       used 10893K, capacity 11048K, committed 11392K, reserved 1058816K
  class space    used 981K, capacity 1048K, committed 1152K, reserved 1048576K
}
Event: 4.339 GC heap after
{Heap after GC invocations=2 (full 0):
 garbage-first heap   total 262144K, used 97454K [0x0000000701800000, 0x0000000800000000)
  region size 1024K, 1 young (1024K), 1 survivors (1024K)
 Metaspace       used 10893K, capacity 11048K, committed 11392K, reserved 1058816K
  class space    used 981K, capacity 1048K, committed 1152K, reserved 1048576K
}
Event: 4.416 GC heap before
{Heap before GC invocations=3 (full 0):
 garbage-first heap   total 262144K, used 170158K [0x0000000701800000, 0x0000000800000000)
  region size 1024K, 2 young (2048K), 1 survivors (1024K)
 Metaspace       used 10894K, capacity 11048K, committed 11392K, reserved 1058816K
  class space    used 981K, capacity 1048K, committed 1152K, reserved 1048576K
}
Event: 4.417 GC heap after
{Heap after GC invocations=4 (full 0):
 garbage-first heap   total 262144K, used 99385K [0x0000000701800000, 0x0000000800000000)
  region size 1024K, 1 young (1024K), 1 survivors (1024K)
 Metaspace       used 10894K, capacity 11048K, committed 11392K, reserved 1058816K
  class space    used 981K, capacity 1048K, committed 1152K, reserved 1048576K
}
Event: 4.509 GC heap before
{Heap before GC invocations=5 (full 0):
 garbage-first heap   total 291840K, used 222265K [0x0000000701800000, 0x0000000800000000)
  region size 1024K, 2 young (2048K), 1 survivors (1024K)
 Metaspace       used 10894K, capacity 11048K, committed 11392K, reserved 1058816K
  class space    used 981K, capacity 1048K, committed 1152K, reserved 1048576K
}
Event: 4.510 GC heap after
{Heap after GC invocations=6 (full 0):
 garbage-first heap   total 291840K, used 150549K [0x0000000701800000, 0x0000000800000000)
  region size 1024K, 1 young (1024K), 1 survivors (1024K)
 Metaspace       used 10894K, capacity 11048K, committed 11392K, reserved 1058816K
  class space    used 981K, capacity 1048K, committed 1152K, reserved 1048576K
}

